<?xml version="1.0" encoding="UTF-8"?>
<!-- Generated by org.testng.reporters.JUnitXMLReporter -->
<testsuite ignored="0" hostname="TTPL-LNV-0159" failures="2" tests="10" name="Authentication and Add Provider Group" time="50.132" errors="0" timestamp="2024-11-14T14:50:52 IST">
  <testcase classname="Evzin_Manos.RPM.Authentication" name="testlogin" time="0.657"/>
  <testcase classname="Evzin_Manos.RPM.Authentication" name="testlogout" time="5.222"/>
  <testcase classname="Evzin_Manos.RPM.Authentication" name="testlogin" time="0.644"/>
  <testcase classname="Evzin_Manos.RPM.AddProviderGroup" name="Addbutton" time="15.567"/>
  <testcase classname="Evzin_Manos.RPM.Authentication" name="testlogout" time="3.302"/>
  <testcase classname="Evzin_Manos.RPM.Authentication" name="testlogin" time="0.618"/>
  <testcase classname="Evzin_Manos.RPM.AddProviderGroup" name="Addbutton" time="12.35">
    <failure type="org.openqa.selenium.ElementNotInteractableException" message="element not interactable
  (Session info: chrome=130.0.6723.91)
Build info: version: &amp;apos;4.18.1&amp;apos;, revision: &amp;apos;b1d3319b48&amp;apos;
System info: os.name: &amp;apos;Windows 11&amp;apos;, os.arch: &amp;apos;amd64&amp;apos;, os.version: &amp;apos;10.0&amp;apos;, java.version: &amp;apos;17.0.10&amp;apos;
Driver info: org.openqa.selenium.chrome.ChromeDriver
Command: [1f0834ba31ff36c9f5f5acc86cdafee5, clickElement {id=f.00119AEA746CF341A1A9E21F1C159904.d.26FBFB47CC454BFF5129E739F5E7D7C8.e.67}]
Capabilities {acceptInsecureCerts: false, browserName: chrome, browserVersion: 130.0.6723.91, chrome: {chromedriverVersion: 130.0.6723.116 (6ac35f94ae3..., userDataDir: C:\Users\LNV-000\AppData\Lo...}, fedcm:accounts: true, goog:chromeOptions: {debuggerAddress: localhost:56785}, networkConnectionEnabled: false, pageLoadStrategy: normal, platformName: windows, proxy: Proxy(), se:cdp: ws://localhost:56785/devtoo..., se:cdpVersion: 130.0.6723.91, setWindowRect: true, strictFileInteractability: false, timeouts: {implicit: 0, pageLoad: 300000, script: 30000}, unhandledPromptBehavior: dismiss and notify, webauthn:extension:credBlob: true, webauthn:extension:largeBlob: true, webauthn:extension:minPinLength: true, webauthn:extension:prf: true, webauthn:virtualAuthenticators: true}
Element: [[ChromeDriver: chrome on windows (1f0834ba31ff36c9f5f5acc86cdafee5)] -&amp;gt; name: compliance_certifications]
Session ID: 1f0834ba31ff36c9f5f5acc86cdafee5">
      <![CDATA[org.openqa.selenium.ElementNotInteractableException: element not interactable
  (Session info: chrome=130.0.6723.91)
Build info: version: '4.18.1', revision: 'b1d3319b48'
System info: os.name: 'Windows 11', os.arch: 'amd64', os.version: '10.0', java.version: '17.0.10'
Driver info: org.openqa.selenium.chrome.ChromeDriver
Command: [1f0834ba31ff36c9f5f5acc86cdafee5, clickElement {id=f.00119AEA746CF341A1A9E21F1C159904.d.26FBFB47CC454BFF5129E739F5E7D7C8.e.67}]
Capabilities {acceptInsecureCerts: false, browserName: chrome, browserVersion: 130.0.6723.91, chrome: {chromedriverVersion: 130.0.6723.116 (6ac35f94ae3..., userDataDir: C:\Users\LNV-000\AppData\Lo...}, fedcm:accounts: true, goog:chromeOptions: {debuggerAddress: localhost:56785}, networkConnectionEnabled: false, pageLoadStrategy: normal, platformName: windows, proxy: Proxy(), se:cdp: ws://localhost:56785/devtoo..., se:cdpVersion: 130.0.6723.91, setWindowRect: true, strictFileInteractability: false, timeouts: {implicit: 0, pageLoad: 300000, script: 30000}, unhandledPromptBehavior: dismiss and notify, webauthn:extension:credBlob: true, webauthn:extension:largeBlob: true, webauthn:extension:minPinLength: true, webauthn:extension:prf: true, webauthn:virtualAuthenticators: true}
Element: [[ChromeDriver: chrome on windows (1f0834ba31ff36c9f5f5acc86cdafee5)] -> name: compliance_certifications]
Session ID: 1f0834ba31ff36c9f5f5acc86cdafee5
at org.openqa.selenium.remote.ErrorCodec.decode(ErrorCodec.java:167)
at org.openqa.selenium.remote.codec.w3c.W3CHttpResponseCodec.decode(W3CHttpResponseCodec.java:138)
at org.openqa.selenium.remote.codec.w3c.W3CHttpResponseCodec.decode(W3CHttpResponseCodec.java:50)
at org.openqa.selenium.remote.HttpCommandExecutor.execute(HttpCommandExecutor.java:190)
at org.openqa.selenium.remote.service.DriverCommandExecutor.invokeExecute(DriverCommandExecutor.java:216)
at org.openqa.selenium.remote.service.DriverCommandExecutor.execute(DriverCommandExecutor.java:174)
at org.openqa.selenium.remote.RemoteWebDriver.execute(RemoteWebDriver.java:519)
at org.openqa.selenium.remote.RemoteWebElement.execute(RemoteWebElement.java:223)
at org.openqa.selenium.remote.RemoteWebElement.click(RemoteWebElement.java:76)
at Evzin_Manos.RPM.AddProviderGroup.Addbutton(AddProviderGroup.java:86)
at java.base/java.util.ArrayList.forEach(ArrayList.java:1511)
... Removed 32 stack frames]]>
    </failure>
  </testcase> <!-- Addbutton -->
  <testcase classname="Evzin_Manos.RPM.AddProviderUser" name="ClickHospital" time="0.0">
    <skipped/>
  </testcase> <!-- ClickHospital -->
  <testcase classname="Evzin_Manos.RPM.AddProviderUser" name="ClickProviders" time="0.0">
    <skipped/>
  </testcase> <!-- ClickProviders -->
  <testcase classname="Evzin_Manos.RPM.Authentication" name="testlogout" time="1.161">
    <failure type="org.openqa.selenium.ElementClickInterceptedException" message="element click intercepted: Element &amp;lt;span class=&amp;quot;MuiTypography-root MuiTypography-body1 MuiListItemText-primary css-1xmqh4&amp;quot;&amp;gt;...&amp;lt;/span&amp;gt; is not clickable at point (101, 608). Other element would receive the click: &amp;lt;div aria-hidden=&amp;quot;true&amp;quot; class=&amp;quot;MuiBackdrop-root MuiModal-backdrop css-919eu4&amp;quot; style=&amp;quot;opacity: 1; transition: opacity 225ms cubic-bezier(0.4, 0, 0.2, 1);&amp;quot;&amp;gt;&amp;lt;/div&amp;gt;
  (Session info: chrome=130.0.6723.91)
Build info: version: &amp;apos;4.18.1&amp;apos;, revision: &amp;apos;b1d3319b48&amp;apos;
System info: os.name: &amp;apos;Windows 11&amp;apos;, os.arch: &amp;apos;amd64&amp;apos;, os.version: &amp;apos;10.0&amp;apos;, java.version: &amp;apos;17.0.10&amp;apos;
Driver info: org.openqa.selenium.chrome.ChromeDriver
Command: [1f0834ba31ff36c9f5f5acc86cdafee5, clickElement {id=f.00119AEA746CF341A1A9E21F1C159904.d.26FBFB47CC454BFF5129E739F5E7D7C8.e.121}]
Capabilities {acceptInsecureCerts: false, browserName: chrome, browserVersion: 130.0.6723.91, chrome: {chromedriverVersion: 130.0.6723.116 (6ac35f94ae3..., userDataDir: C:\Users\LNV-000\AppData\Lo...}, fedcm:accounts: true, goog:chromeOptions: {debuggerAddress: localhost:56785}, networkConnectionEnabled: false, pageLoadStrategy: normal, platformName: windows, proxy: Proxy(), se:cdp: ws://localhost:56785/devtoo..., se:cdpVersion: 130.0.6723.91, setWindowRect: true, strictFileInteractability: false, timeouts: {implicit: 0, pageLoad: 300000, script: 30000}, unhandledPromptBehavior: dismiss and notify, webauthn:extension:credBlob: true, webauthn:extension:largeBlob: true, webauthn:extension:minPinLength: true, webauthn:extension:prf: true, webauthn:virtualAuthenticators: true}
Element: [[ChromeDriver: chrome on windows (1f0834ba31ff36c9f5f5acc86cdafee5)] -&amp;gt; xpath: //*[text()=&amp;apos;Logout&amp;apos;]]
Session ID: 1f0834ba31ff36c9f5f5acc86cdafee5">
      <![CDATA[org.openqa.selenium.ElementClickInterceptedException: element click intercepted: Element <span class="MuiTypography-root MuiTypography-body1 MuiListItemText-primary css-1xmqh4">...</span> is not clickable at point (101, 608). Other element would receive the click: <div aria-hidden="true" class="MuiBackdrop-root MuiModal-backdrop css-919eu4" style="opacity: 1; transition: opacity 225ms cubic-bezier(0.4, 0, 0.2, 1);"></div>
  (Session info: chrome=130.0.6723.91)
Build info: version: '4.18.1', revision: 'b1d3319b48'
System info: os.name: 'Windows 11', os.arch: 'amd64', os.version: '10.0', java.version: '17.0.10'
Driver info: org.openqa.selenium.chrome.ChromeDriver
Command: [1f0834ba31ff36c9f5f5acc86cdafee5, clickElement {id=f.00119AEA746CF341A1A9E21F1C159904.d.26FBFB47CC454BFF5129E739F5E7D7C8.e.121}]
Capabilities {acceptInsecureCerts: false, browserName: chrome, browserVersion: 130.0.6723.91, chrome: {chromedriverVersion: 130.0.6723.116 (6ac35f94ae3..., userDataDir: C:\Users\LNV-000\AppData\Lo...}, fedcm:accounts: true, goog:chromeOptions: {debuggerAddress: localhost:56785}, networkConnectionEnabled: false, pageLoadStrategy: normal, platformName: windows, proxy: Proxy(), se:cdp: ws://localhost:56785/devtoo..., se:cdpVersion: 130.0.6723.91, setWindowRect: true, strictFileInteractability: false, timeouts: {implicit: 0, pageLoad: 300000, script: 30000}, unhandledPromptBehavior: dismiss and notify, webauthn:extension:credBlob: true, webauthn:extension:largeBlob: true, webauthn:extension:minPinLength: true, webauthn:extension:prf: true, webauthn:virtualAuthenticators: true}
Element: [[ChromeDriver: chrome on windows (1f0834ba31ff36c9f5f5acc86cdafee5)] -> xpath: //*[text()='Logout']]
Session ID: 1f0834ba31ff36c9f5f5acc86cdafee5
at org.openqa.selenium.remote.ErrorCodec.decode(ErrorCodec.java:167)
at org.openqa.selenium.remote.codec.w3c.W3CHttpResponseCodec.decode(W3CHttpResponseCodec.java:138)
at org.openqa.selenium.remote.codec.w3c.W3CHttpResponseCodec.decode(W3CHttpResponseCodec.java:50)
at org.openqa.selenium.remote.HttpCommandExecutor.execute(HttpCommandExecutor.java:190)
at org.openqa.selenium.remote.service.DriverCommandExecutor.invokeExecute(DriverCommandExecutor.java:216)
at org.openqa.selenium.remote.service.DriverCommandExecutor.execute(DriverCommandExecutor.java:174)
at org.openqa.selenium.remote.RemoteWebDriver.execute(RemoteWebDriver.java:519)
at org.openqa.selenium.remote.RemoteWebElement.execute(RemoteWebElement.java:223)
at org.openqa.selenium.remote.RemoteWebElement.click(RemoteWebElement.java:76)
at Evzin_Manos.RPM.Authentication.testlogout(Authentication.java:25)
at java.base/java.util.ArrayList.forEach(ArrayList.java:1511)
... Removed 32 stack frames]]>
    </failure>
  </testcase> <!-- testlogout -->
</testsuite> <!-- Authentication and Add Provider Group -->
